{"level":"info","message":"27-11-24 11:09:26- undefined  ------BP Master base url is - https://apis.fretron.com"}
{"level":"info","message":"27-11-24 11:09:27- undefined  ------Place Manager service Base url is https://apis.fretron.com/place-manager"}
{"level":"info","message":"27-11-24 11:09:27- undefined  ------Shipment View service Base url is https://apis.fretron.com/shipment-view"}
{"level":"info","message":"27-11-24 11:09:34- fa15be7b-60cc-4771-916e-33f280f1e015  ------Catched error in creating bp : group can't be null or empty"}
{"level":"info","message":"27-11-24 11:09:63- 07edcd42-fa58-48d8-bfc8-4f3c9e1dc9a4  ------Customer update / create TEST12"}
{"level":"info","message":"27-11-24 11:09:86- 07edcd42-fa58-48d8-bfc8-4f3c9e1dc9a4  ------Get bp by externalId TEST12 api res status : 400"}
{"level":"info","message":"27-11-24 11:09:86- 07edcd42-fa58-48d8-bfc8-4f3c9e1dc9a4  ------Get bp by externalId TEST12 api res error : partner not found."}
{"level":"info","message":"27-11-24 11:09:86- 07edcd42-fa58-48d8-bfc8-4f3c9e1dc9a4  ------Create customer with extId TEST12"}
{"level":"info","message":"27-11-24 11:09:86- 07edcd42-fa58-48d8-bfc8-4f3c9e1dc9a4  ------Partner data {\"customerId\":\"TEST12\",\"customerName\":\"SAHILLLLL Doe\",\"destinationCity\":\"Bally\",\"destinationState\":\"West Bengal\",\"pincode\":\"110009\",\"contactNumber\":\"7056070560\",\"email\":\"johndoe@example.com\",\"status\":\"Blocked\",\"group\":\"BillTo\"}"}
{"level":"info","message":"27-11-24 11:09:98- 07edcd42-fa58-48d8-bfc8-4f3c9e1dc9a4  ------Error in getting hub by name : hub not found for name:BALLY-SAHILLLLL DOE"}
{"level":"info","message":"27-11-24 11:09:98- 07edcd42-fa58-48d8-bfc8-4f3c9e1dc9a4  ------https://apis.fretron.com/shipment-view/places/search/by-postal-code?pincode=110009&backOffToGoogle=true"}
{"level":"info","message":"27-11-24 11:09:09- 07edcd42-fa58-48d8-bfc8-4f3c9e1dc9a4  ------[object Object]"}
{"level":"info","message":"27-11-24 11:10:65- 07edcd42-fa58-48d8-bfc8-4f3c9e1dc9a4  ------Create bp with extId TEST12 res api status : 200"}
{"level":"info","message":"27-11-24 11:10:83- ca9ff49e-5133-461b-99b4-6fe3f9cb138d  ------Customer update / create TEST12"}
{"level":"info","message":"27-11-24 11:10:07- ca9ff49e-5133-461b-99b4-6fe3f9cb138d  ------Get bp by externalId TEST12 api res status : 200"}
{"level":"info","message":"27-11-24 11:10:07- ca9ff49e-5133-461b-99b4-6fe3f9cb138d  ------No need to update place on partner 491208d4-f646-40b8-9e6d-a5a97aa2bac5"}
{"level":"info","message":"27-11-24 11:10:07- ca9ff49e-5133-461b-99b4-6fe3f9cb138d  ------Customer extId TEST12 Update Contact case"}
{"level":"info","message":"27-11-24 11:10:12- ca9ff49e-5133-461b-99b4-6fe3f9cb138d  ------Catched error in deleting Bp contactInfo : 500 - \"<html><h3>Some server error</h3></html>\""}
{"level":"info","message":"27-11-24 11:10:91- ca9ff49e-5133-461b-99b4-6fe3f9cb138d  ------Updating bp contact info api res status : 200"}
{"level":"info","message":"27-11-24 11:11:95- 571beb8b-ddb5-43fe-b8e7-31c663285548  ------Customer update / create TEST12"}
{"level":"info","message":"27-11-24 11:11:26- 571beb8b-ddb5-43fe-b8e7-31c663285548  ------Get bp by externalId TEST12 api res status : 200"}
{"level":"info","message":"27-11-24 11:11:26- 571beb8b-ddb5-43fe-b8e7-31c663285548  ------Updating place for partner 491208d4-f646-40b8-9e6d-a5a97aa2bac5 from BALLY-SAHILLLLL DOE to Bally-LIHAS Doe"}
{"level":"info","message":"27-11-24 11:11:34- 571beb8b-ddb5-43fe-b8e7-31c663285548  ------Error in getting hub by name : hub not found for name:BALLY-LIHAS DOE"}
{"level":"info","message":"27-11-24 11:11:34- 571beb8b-ddb5-43fe-b8e7-31c663285548  ------https://apis.fretron.com/shipment-view/places/search/by-postal-code?pincode=110009&backOffToGoogle=true"}
{"level":"info","message":"27-11-24 11:11:40- 571beb8b-ddb5-43fe-b8e7-31c663285548  ------[object Object]"}
{"level":"info","message":"27-11-24 11:11:54- 571beb8b-ddb5-43fe-b8e7-31c663285548  ------Update place BALLY-LIHAS DOE on partnerId 491208d4-f646-40b8-9e6d-a5a97aa2bac5 api res status : 200"}
{"level":"info","message":"27-11-24 11:11:54- 571beb8b-ddb5-43fe-b8e7-31c663285548  ------Customer extId TEST12 Update Contact case"}
{"level":"info","message":"27-11-24 11:11:58- 571beb8b-ddb5-43fe-b8e7-31c663285548  ------Catched error in deleting Bp contactInfo : 500 - \"<html><h3>Some server error</h3></html>\""}
{"level":"info","message":"27-11-24 11:11:89- 571beb8b-ddb5-43fe-b8e7-31c663285548  ------Updating bp contact info api res status : 200"}
{"level":"info","message":"27-11-24 11:11:86- 9729dbbc-4571-413d-8379-e60132061d44  ------Customer update / create TEST12"}
{"level":"info","message":"27-11-24 11:11:15- 9729dbbc-4571-413d-8379-e60132061d44  ------Get bp by externalId TEST12 api res status : 200"}
{"level":"info","message":"27-11-24 11:11:15- 9729dbbc-4571-413d-8379-e60132061d44  ------No need to update place on partner 491208d4-f646-40b8-9e6d-a5a97aa2bac5"}
{"level":"info","message":"27-11-24 11:11:15- 9729dbbc-4571-413d-8379-e60132061d44  ------Customer extId TEST12 Update Contact case"}
{"level":"info","message":"27-11-24 11:11:18- 9729dbbc-4571-413d-8379-e60132061d44  ------Catched error in deleting Bp contactInfo : 500 - \"<html><h3>Some server error</h3></html>\""}
{"level":"info","message":"27-11-24 11:11:39- 9729dbbc-4571-413d-8379-e60132061d44  ------Updating bp contact info api res status : 200"}
{"level":"info","message":"27-11-24 11:12:44- e0bdfbfa-2b53-45bb-a3b7-b2d9f0547460  ------Customer update / create TEST12"}
{"level":"info","message":"27-11-24 11:12:75- e0bdfbfa-2b53-45bb-a3b7-b2d9f0547460  ------Get bp by externalId TEST12 api res status : 200"}
{"level":"info","message":"27-11-24 11:12:75- e0bdfbfa-2b53-45bb-a3b7-b2d9f0547460  ------No need to update place on partner 491208d4-f646-40b8-9e6d-a5a97aa2bac5"}
{"level":"info","message":"27-11-24 11:12:75- e0bdfbfa-2b53-45bb-a3b7-b2d9f0547460  ------Customer extId TEST12 Update Contact case"}
{"level":"info","message":"27-11-24 11:16:17- undefined  ------BP Master base url is - https://apis.fretron.com"}
{"level":"info","message":"27-11-24 11:16:17- undefined  ------Place Manager service Base url is https://apis.fretron.com/place-manager"}
{"level":"info","message":"27-11-24 11:16:18- undefined  ------Shipment View service Base url is https://apis.fretron.com/shipment-view"}
{"level":"info","message":"27-11-24 11:16:57- ad252bbf-2761-40ad-b6ab-a06dcaa4bf73  ------Customer update / create TEST12"}
{"level":"info","message":"27-11-24 11:17:16- ad252bbf-2761-40ad-b6ab-a06dcaa4bf73  ------Get bp by externalId TEST12 api res status : 200"}
